0 info it worked if it ends with ok
1 verbose cli [ '/usr/local/Cellar/node/7.4.0/bin/node',
1 verbose cli   '/Users/Daven/Environment/virtualenvs/Xenoliths/bin/npm',
1 verbose cli   'start' ]
2 info using npm@3.7.3
3 info using node@v7.4.0
4 verbose stack Error: missing script: start
4 verbose stack     at run (/Users/Daven/Environment/virtualenvs/Xenoliths/lib/node_modules/npm/lib/run-script.js:147:19)
4 verbose stack     at /Users/Daven/Environment/virtualenvs/Xenoliths/lib/node_modules/npm/lib/run-script.js:57:5
4 verbose stack     at /Users/Daven/Environment/virtualenvs/Xenoliths/lib/node_modules/npm/node_modules/read-package-json/read-json.js:345:5
4 verbose stack     at checkBinReferences_ (/Users/Daven/Environment/virtualenvs/Xenoliths/lib/node_modules/npm/node_modules/read-package-json/read-json.js:309:45)
4 verbose stack     at final (/Users/Daven/Environment/virtualenvs/Xenoliths/lib/node_modules/npm/node_modules/read-package-json/read-json.js:343:3)
4 verbose stack     at then (/Users/Daven/Environment/virtualenvs/Xenoliths/lib/node_modules/npm/node_modules/read-package-json/read-json.js:113:5)
4 verbose stack     at ReadFileContext.<anonymous> (/Users/Daven/Environment/virtualenvs/Xenoliths/lib/node_modules/npm/node_modules/read-package-json/read-json.js:284:20)
4 verbose stack     at ReadFileContext.callback (/Users/Daven/Environment/virtualenvs/Xenoliths/lib/node_modules/npm/node_modules/graceful-fs/graceful-fs.js:78:16)
4 verbose stack     at FSReqWrap.readFileAfterOpen [as oncomplete] (fs.js:336:13)
5 verbose cwd /Users/Daven/Development/Xenoliths/versioned/application
6 error Darwin 16.4.0
7 error argv "/usr/local/Cellar/node/7.4.0/bin/node" "/Users/Daven/Environment/virtualenvs/Xenoliths/bin/npm" "start"
8 error node v7.4.0
9 error npm  v3.7.3
10 error missing script: start
11 error If you need help, you may report this error at:
11 error     <https://github.com/npm/npm/issues>
12 verbose exit [ 1, true ]
