CK-2                 Area %   Vol %   Wt %  
4970 pixels
Olivine               52.072  64.584  64.405
Spinel                 2.113   0.528   0.590
Orthopyroxene         26.076  22.887  22.781
Alteration             0.201   0.016   0.016
Clinopyroxene         16.942  11.985  12.209
None                   2.596



CK-3                 Area %   Vol %   Wt %  
5029 pixels
Olivine               58.501  73.354  73.368
Spinel                 0.616   0.079   0.089
Orthopyroxene         29.052  25.671  25.628
Alteration             0.000   0.000   0.000
Clinopyroxene          3.102   0.896   0.915
None                   8.729



CK-4     2            Area %   Vol %   Wt %  
5005 pixels
Olivine                3.776  69.737  68.366
Spinel                 1.379  15.383  16.913
Orthopyroxene          0.879   7.833   7.665
Alteration             0.000   0.000   0.000
Clinopyroxene          0.819   7.046   7.056
None                  93.147



CK-5                 Area %   Vol %   Wt %  
4900 pixels
Olivine                0.000   0.000   0.000
Spinel                 0.163  73.880  75.641
Orthopyroxene          0.000   0.000   0.000
Alteration             0.000   0.000   0.000
Clinopyroxene          0.082  26.120  24.359
None                  99.755



CK-6                 Area %   Vol %   Wt %  
4964 pixels
Olivine                5.500  35.112  34.848
Spinel                 0.967   2.589   2.881
Orthopyroxene          5.842  38.442  38.082
Alteration             0.000   0.000   0.000
Clinopyroxene          4.251  23.858  24.188
None                  83.441



CK-7                 Area %   Vol %   Wt %  
4970 pixels
Olivine               15.573  84.837  84.774
Spinel                 0.282   0.206   0.231
Orthopyroxene          4.145  11.649  11.618
Alteration             0.000   0.000   0.000
Clinopyroxene          1.791   3.308   3.377
None                  78.209
